# JRE version: 7.0_10-b18
# Java VM: Java HotSpot(TM) 64-Bit Server VM (23.6-b04 mixed mode bsd-amd64 compressed oops)
Heap
 def new generation   total 3328K, used 2480K [0x00000007f0200000, 0x00000007f0590000, 0x00000007f3b50000)
  eden space 3008K,  77% used [0x00000007f0200000, 0x00000007f04434e0, 0x00000007f04f0000)
  from space 320K,  51% used [0x00000007f04f0000, 0x00000007f0518d48, 0x00000007f0540000)
  to   space 320K,   0% used [0x00000007f0540000, 0x00000007f0540000, 0x00000007f0590000)
 tenured generation   total 7296K, used 1510K [0x00000007f3b50000, 0x00000007f4270000, 0x00000007fae00000)
   the space 7296K,  20% used [0x00000007f3b50000, 0x00000007f3cc9b50, 0x00000007f3cc9c00, 0x00000007f4270000)
 compacting perm gen  total 21248K, used 4319K [0x00000007fae00000, 0x00000007fc2c0000, 0x0000000800000000)
   the space 21248K,  20% used [0x00000007fae00000, 0x00000007fb237f20, 0x00000007fb238000, 0x00000007fc2c0000)
GC Heap History (8 events):
Event: 0.321 GC heap before
{Heap before GC invocations=0 (full 0):
 def new generation   total 3328K, used 3006K [0x00000007f0200000, 0x00000007f0590000, 0x00000007f3b50000)
  eden space 3008K,  99% used [0x00000007f0200000, 0x00000007f04ef9a0, 0x00000007f04f0000)
  from space 320K,   0% used [0x00000007f04f0000, 0x00000007f04f0000, 0x00000007f0540000)
  to   space 320K,   0% used [0x00000007f0540000, 0x00000007f0540000, 0x00000007f0590000)
 tenured generation   total 7296K, used 0K [0x00000007f3b50000, 0x00000007f4270000, 0x00000007fae00000)
   the space 7296K,   0% used [0x00000007f3b50000, 0x00000007f3b50000, 0x00000007f3b50200, 0x00000007f4270000)
 compacting perm gen  total 21248K, used 2649K [0x00000007fae00000, 0x00000007fc2c0000, 0x0000000800000000)
   the space 21248K,  12% used [0x00000007fae00000, 0x00000007fb096678, 0x00000007fb096800, 0x00000007fc2c0000)
No shared spaces configured.
Event: 0.325 GC heap after
Heap after GC invocations=1 (full 0):
 def new generation   total 3328K, used 319K [0x00000007f0200000, 0x00000007f0590000, 0x00000007f3b50000)
  eden space 3008K,   0% used [0x00000007f0200000, 0x00000007f0200000, 0x00000007f04f0000)
  from space 320K,  99% used [0x00000007f0540000, 0x00000007f058fff8, 0x00000007f0590000)
  to   space 320K,   0% used [0x00000007f04f0000, 0x00000007f04f0000, 0x00000007f0540000)
 tenured generation   total 7296K, used 905K [0x00000007f3b50000, 0x00000007f4270000, 0x00000007fae00000)
   the space 7296K,  12% used [0x00000007f3b50000, 0x00000007f3c32780, 0x00000007f3c32800, 0x00000007f4270000)
 compacting perm gen  total 21248K, used 2649K [0x00000007fae00000, 0x00000007fc2c0000, 0x0000000800000000)
   the space 21248K,  12% used [0x00000007fae00000, 0x00000007fb096678, 0x00000007fb096800, 0x00000007fc2c0000)
No shared spaces configured.
}
Event: 0.389 GC heap before
{Heap before GC invocations=1 (full 0):
 def new generation   total 3328K, used 3327K [0x00000007f0200000, 0x00000007f0590000, 0x00000007f3b50000)
  eden space 3008K,  99% used [0x00000007f0200000, 0x00000007f04eff50, 0x00000007f04f0000)
  from space 320K,  99% used [0x00000007f0540000, 0x00000007f058fff8, 0x00000007f0590000)
  to   space 320K,   0% used [0x00000007f04f0000, 0x00000007f04f0000, 0x00000007f0540000)
 tenured generation   total 7296K, used 905K [0x00000007f3b50000, 0x00000007f4270000, 0x00000007fae00000)
   the space 7296K,  12% used [0x00000007f3b50000, 0x00000007f3c32780, 0x00000007f3c32800, 0x00000007f4270000)
 compacting perm gen  total 21248K, used 3260K [0x00000007fae00000, 0x00000007fc2c0000, 0x0000000800000000)
   the space 21248K,  15% used [0x00000007fae00000, 0x00000007fb12f3e8, 0x00000007fb12f400, 0x00000007fc2c0000)
No shared spaces configured.
Event: 0.392 GC heap after
Heap after GC invocations=2 (full 0):
 def new generation   total 3328K, used 259K [0x00000007f0200000, 0x00000007f0590000, 0x00000007f3b50000)
  eden space 3008K,   0% used [0x00000007f0200000, 0x00000007f0200000, 0x00000007f04f0000)
  from space 320K,  80% used [0x00000007f04f0000, 0x00000007f0530c00, 0x00000007f0540000)
  to   space 320K,   0% used [0x00000007f0540000, 0x00000007f0540000, 0x00000007f0590000)
 tenured generation   total 7296K, used 1220K [0x00000007f3b50000, 0x00000007f4270000, 0x00000007fae00000)
   the space 7296K,  16% used [0x00000007f3b50000, 0x00000007f3c810b0, 0x00000007f3c81200, 0x00000007f4270000)
 compacting perm gen  total 21248K, used 3260K [0x00000007fae00000, 0x00000007fc2c0000, 0x0000000800000000)
   the space 21248K,  15% used [0x00000007fae00000, 0x00000007fb12f3e8, 0x00000007fb12f400, 0x00000007fc2c0000)
No shared spaces configured.
}
Event: 0.442 GC heap before
{Heap before GC invocations=2 (full 0):
 def new generation   total 3328K, used 3267K [0x00000007f0200000, 0x00000007f0590000, 0x00000007f3b50000)
  eden space 3008K, 100% used [0x00000007f0200000, 0x00000007f04f0000, 0x00000007f04f0000)
  from space 320K,  80% used [0x00000007f04f0000, 0x00000007f0530c00, 0x00000007f0540000)
  to   space 320K,   0% used [0x00000007f0540000, 0x00000007f0540000, 0x00000007f0590000)
 tenured generation   total 7296K, used 1220K [0x00000007f3b50000, 0x00000007f4270000, 0x00000007fae00000)
   the space 7296K,  16% used [0x00000007f3b50000, 0x00000007f3c810b0, 0x00000007f3c81200, 0x00000007f4270000)
 compacting perm gen  total 21248K, used 3787K [0x00000007fae00000, 0x00000007fc2c0000, 0x0000000800000000)
   the space 21248K,  17% used [0x00000007fae00000, 0x00000007fb1b2d78, 0x00000007fb1b2e00, 0x00000007fc2c0000)
No shared spaces configured.
Event: 0.444 GC heap after
Heap after GC invocations=3 (full 0):
 def new generation   total 3328K, used 212K [0x00000007f0200000, 0x00000007f0590000, 0x00000007f3b50000)
  eden space 3008K,   0% used [0x00000007f0200000, 0x00000007f0200000, 0x00000007f04f0000)
  from space 320K,  66% used [0x00000007f0540000, 0x00000007f0575390, 0x00000007f0590000)
  to   space 320K,   0% used [0x00000007f04f0000, 0x00000007f04f0000, 0x00000007f0540000)
 tenured generation   total 7296K, used 1364K [0x00000007f3b50000, 0x00000007f4270000, 0x00000007fae00000)
   the space 7296K,  18% used [0x00000007f3b50000, 0x00000007f3ca51f0, 0x00000007f3ca5200, 0x00000007f4270000)
 compacting perm gen  total 21248K, used 3787K [0x00000007fae00000, 0x00000007fc2c0000, 0x0000000800000000)
   the space 21248K,  17% used [0x00000007fae00000, 0x00000007fb1b2d78, 0x00000007fb1b2e00, 0x00000007fc2c0000)
No shared spaces configured.
}
Event: 0.499 GC heap before
{Heap before GC invocations=3 (full 0):
 def new generation   total 3328K, used 3220K [0x00000007f0200000, 0x00000007f0590000, 0x00000007f3b50000)
  eden space 3008K, 100% used [0x00000007f0200000, 0x00000007f04f0000, 0x00000007f04f0000)
  from space 320K,  66% used [0x00000007f0540000, 0x00000007f0575390, 0x00000007f0590000)
  to   space 320K,   0% used [0x00000007f04f0000, 0x00000007f04f0000, 0x00000007f0540000)
 tenured generation   total 7296K, used 1364K [0x00000007f3b50000, 0x00000007f4270000, 0x00000007fae00000)
   the space 7296K,  18% used [0x00000007f3b50000, 0x00000007f3ca51f0, 0x00000007f3ca5200, 0x00000007f4270000)
 compacting perm gen  total 21248K, used 4182K [0x00000007fae00000, 0x00000007fc2c0000, 0x0000000800000000)
   the space 21248K,  19% used [0x00000007fae00000, 0x00000007fb215878, 0x00000007fb215a00, 0x00000007fc2c0000)
No shared spaces configured.
Event: 0.501 GC heap after
Heap after GC invocations=4 (full 0):
 def new generation   total 3328K, used 163K [0x00000007f0200000, 0x00000007f0590000, 0x00000007f3b50000)
  eden space 3008K,   0% used [0x00000007f0200000, 0x00000007f0200000, 0x00000007f04f0000)
  from space 320K,  51% used [0x00000007f04f0000, 0x00000007f0518d48, 0x00000007f0540000)
  to   space 320K,   0% used [0x00000007f0540000, 0x00000007f0540000, 0x00000007f0590000)
 tenured generation   total 7296K, used 1510K [0x00000007f3b50000, 0x00000007f4270000, 0x00000007fae00000)
   the space 7296K,  20% used [0x00000007f3b50000, 0x00000007f3cc9b50, 0x00000007f3cc9c00, 0x00000007f4270000)
 compacting perm gen  total 21248K, used 4182K [0x00000007fae00000, 0x00000007fc2c0000, 0x0000000800000000)
   the space 21248K,  19% used [0x00000007fae00000, 0x00000007fb215878, 0x00000007fb215a00, 0x00000007fc2c0000)
No shared spaces configured.
}

